<?xml version="1.0" encoding="UTF-8"?>
<!-- Generated by org.testng.reporters.JUnitReportReporter -->
<testsuite hostname="Techie" failures="0" tests="1" name="com.narottam.testcases.Freecrm" time="4.507" errors="0" timestamp="2024-08-04T18:25:29 IST" skipped="0">
  <testcase classname="com.narottam.testcases.Freecrm" name="loginapp" time="4.507"/>
</testsuite> <!-- com.narottam.testcases.Freecrm -->
