<?xml version="1.0" encoding="UTF-8"?>
<!-- Generated by org.testng.reporters.JUnitReportReporter -->
<testsuite hostname="Techie" failures="0" tests="1" name="com.narottam.testcases.Freecrm" time="6.257" errors="0" timestamp="2024-08-01T22:06:56 IST" skipped="0">
  <testcase classname="com.narottam.testcases.Freecrm" name="loginapp" time="6.257"/>
</testsuite> <!-- com.narottam.testcases.Freecrm -->
